TN:
SF:C:\Users\hp\Documents\GitHub\Charity-Donation-Tracker/contracts/charity-donation-tracker.clar
FN:71,register-charity
FN:214,calculate-tier
FN:231,calculate-reward-points
FN:94,donate
FN:167,deactivate-charity
FN:182,get-charity-info
FN:187,get-donation-info
FN:192,get-donor-profile
FN:197,get-charity-donor-stats
FN:202,get-global-stats
FN:236,get-tier-multiplier
FNF:11
FNH:0
DA:71,0
DA:72,0
DA:73,0
DA:74,0
DA:76,0
DA:77,0
DA:79,0
DA:80,0
DA:81,0
DA:82,0
DA:83,0
DA:84,0
DA:88,0
DA:89,0
DA:94,0
DA:95,0
DA:96,0
DA:97,0
DA:98,0
DA:99,0
DA:100,0
DA:102,0
DA:103,0
DA:104,0
DA:106,0
DA:107,0
DA:108,0
DA:110,0
DA:111,0
DA:114,0
DA:117,0
DA:118,0
DA:120,0
DA:121,0
DA:122,0
DA:123,0
DA:124,0
DA:125,0
DA:130,0
DA:131,0
DA:132,0
DA:136,0
DA:137,0
DA:139,0
DA:140,0
DA:141,0
DA:142,0
DA:143,0
DA:144,0
DA:149,0
DA:150,0
DA:152,0
DA:153,0
DA:158,0
DA:159,0
DA:160,0
DA:162,0
DA:167,0
DA:168,0
DA:169,0
DA:171,0
DA:172,0
DA:173,0
DA:175,0
DA:182,0
DA:183,0
DA:187,0
DA:188,0
DA:192,0
DA:193,0
DA:197,0
DA:198,0
DA:202,0
DA:204,0
DA:205,0
DA:206,0
DA:207,0
DA:214,0
DA:215,0
DA:216,0
DA:217,0
DA:218,0
DA:219,0
DA:220,0
DA:221,0
DA:222,0
DA:223,0
DA:231,0
DA:232,0
DA:236,0
DA:237,0
DA:238,0
DA:239,0
DA:240,0
DA:241,0
DA:242,0
DA:243,0
BRF:21
BRH:0
BRDA:73,219,0,0
BRDA:74,226,0,0
BRDA:110,433,0,0
BRDA:111,440,0,0
BRDA:143,543,0,0
BRDA:143,543,1,0
BRDA:169,642,0,0
BRDA:216,280,0,0
BRDA:217,280,1,0
BRDA:218,287,0,0
BRDA:219,287,1,0
BRDA:220,294,0,0
BRDA:221,294,1,0
BRDA:222,301,0,0
BRDA:223,301,1,0
BRDA:238,775,0,0
BRDA:239,775,1,0
BRDA:240,782,0,0
BRDA:241,782,1,0
BRDA:242,789,0,0
BRDA:243,789,1,0
end_of_record
TN:tests/charity-donation-tracker.test.ts__Charity Donation Tracker Contract__allows contract owner to register charities
SF:C:\Users\hp\Documents\GitHub\Charity-Donation-Tracker/contracts/charity-donation-tracker.clar
FN:71,register-charity
FN:214,calculate-tier
FN:231,calculate-reward-points
FN:94,donate
FN:167,deactivate-charity
FN:182,get-charity-info
FN:187,get-donation-info
FN:192,get-donor-profile
FN:197,get-charity-donor-stats
FN:202,get-global-stats
FN:236,get-tier-multiplier
FNDA:1,register-charity
FNF:11
FNH:1
DA:71,1
DA:72,1
DA:73,1
DA:74,1
DA:76,1
DA:77,1
DA:79,1
DA:80,1
DA:81,1
DA:82,1
DA:83,1
DA:84,1
DA:88,1
DA:89,1
DA:94,0
DA:95,0
DA:96,0
DA:97,0
DA:98,0
DA:99,0
DA:100,0
DA:102,0
DA:103,0
DA:104,0
DA:106,0
DA:107,0
DA:108,0
DA:110,0
DA:111,0
DA:114,0
DA:117,0
DA:118,0
DA:120,0
DA:121,0
DA:122,0
DA:123,0
DA:124,0
DA:125,0
DA:130,0
DA:131,0
DA:132,0
DA:136,0
DA:137,0
DA:139,0
DA:140,0
DA:141,0
DA:142,0
DA:143,0
DA:144,0
DA:149,0
DA:150,0
DA:152,0
DA:153,0
DA:158,0
DA:159,0
DA:160,0
DA:162,0
DA:167,0
DA:168,0
DA:169,0
DA:171,0
DA:172,0
DA:173,0
DA:175,0
DA:182,0
DA:183,0
DA:187,0
DA:188,0
DA:192,0
DA:193,0
DA:197,0
DA:198,0
DA:202,0
DA:204,0
DA:205,0
DA:206,0
DA:207,0
DA:214,0
DA:215,0
DA:216,0
DA:217,0
DA:218,0
DA:219,0
DA:220,0
DA:221,0
DA:222,0
DA:223,0
DA:231,0
DA:232,0
DA:236,0
DA:237,0
DA:238,0
DA:239,0
DA:240,0
DA:241,0
DA:242,0
DA:243,0
BRF:21
BRH:0
BRDA:73,219,0,0
BRDA:74,226,0,0
BRDA:110,433,0,0
BRDA:111,440,0,0
BRDA:143,543,0,0
BRDA:143,543,1,0
BRDA:169,642,0,0
BRDA:216,280,0,0
BRDA:217,280,1,0
BRDA:218,287,0,0
BRDA:219,287,1,0
BRDA:220,294,0,0
BRDA:221,294,1,0
BRDA:222,301,0,0
BRDA:223,301,1,0
BRDA:238,775,0,0
BRDA:239,775,1,0
BRDA:240,782,0,0
BRDA:241,782,1,0
BRDA:242,789,0,0
BRDA:243,789,1,0
end_of_record

TN:
SF:C:\Users\hp\Documents\GitHub\Charity-Donation-Tracker/contracts/charity-donation-tracker.clar
FN:71,register-charity
FN:214,calculate-tier
FN:231,calculate-reward-points
FN:94,donate
FN:167,deactivate-charity
FN:182,get-charity-info
FN:187,get-donation-info
FN:192,get-donor-profile
FN:197,get-charity-donor-stats
FN:202,get-global-stats
FN:236,get-tier-multiplier
FNF:11
FNH:0
DA:71,0
DA:72,0
DA:73,0
DA:74,0
DA:76,0
DA:77,0
DA:79,0
DA:80,0
DA:81,0
DA:82,0
DA:83,0
DA:84,0
DA:88,0
DA:89,0
DA:94,0
DA:95,0
DA:96,0
DA:97,0
DA:98,0
DA:99,0
DA:100,0
DA:102,0
DA:103,0
DA:104,0
DA:106,0
DA:107,0
DA:108,0
DA:110,0
DA:111,0
DA:114,0
DA:117,0
DA:118,0
DA:120,0
DA:121,0
DA:122,0
DA:123,0
DA:124,0
DA:125,0
DA:130,0
DA:131,0
DA:132,0
DA:136,0
DA:137,0
DA:139,0
DA:140,0
DA:141,0
DA:142,0
DA:143,0
DA:144,0
DA:149,0
DA:150,0
DA:152,0
DA:153,0
DA:158,0
DA:159,0
DA:160,0
DA:162,0
DA:167,0
DA:168,0
DA:169,0
DA:171,0
DA:172,0
DA:173,0
DA:175,0
DA:182,0
DA:183,0
DA:187,0
DA:188,0
DA:192,0
DA:193,0
DA:197,0
DA:198,0
DA:202,0
DA:204,0
DA:205,0
DA:206,0
DA:207,0
DA:214,0
DA:215,0
DA:216,0
DA:217,0
DA:218,0
DA:219,0
DA:220,0
DA:221,0
DA:222,0
DA:223,0
DA:231,0
DA:232,0
DA:236,0
DA:237,0
DA:238,0
DA:239,0
DA:240,0
DA:241,0
DA:242,0
DA:243,0
BRF:21
BRH:0
BRDA:73,219,0,0
BRDA:74,226,0,0
BRDA:110,433,0,0
BRDA:111,440,0,0
BRDA:143,543,0,0
BRDA:143,543,1,0
BRDA:169,642,0,0
BRDA:216,280,0,0
BRDA:217,280,1,0
BRDA:218,287,0,0
BRDA:219,287,1,0
BRDA:220,294,0,0
BRDA:221,294,1,0
BRDA:222,301,0,0
BRDA:223,301,1,0
BRDA:238,775,0,0
BRDA:239,775,1,0
BRDA:240,782,0,0
BRDA:241,782,1,0
BRDA:242,789,0,0
BRDA:243,789,1,0
end_of_record
TN:tests/charity-donation-tracker.test.ts__Charity Donation Tracker Contract__allows users to make donations to registered charities
SF:C:\Users\hp\Documents\GitHub\Charity-Donation-Tracker/contracts/charity-donation-tracker.clar
FN:71,register-charity
FN:214,calculate-tier
FN:231,calculate-reward-points
FN:94,donate
FN:167,deactivate-charity
FN:182,get-charity-info
FN:187,get-donation-info
FN:192,get-donor-profile
FN:197,get-charity-donor-stats
FN:202,get-global-stats
FN:236,get-tier-multiplier
FNDA:1,calculate-reward-points
FNDA:1,calculate-tier
FNDA:1,donate
FNDA:1,register-charity
FNF:11
FNH:4
DA:71,1
DA:72,1
DA:73,1
DA:74,1
DA:76,1
DA:77,1
DA:79,1
DA:80,1
DA:81,1
DA:82,1
DA:83,1
DA:84,1
DA:88,1
DA:89,1
DA:94,1
DA:95,1
DA:96,1
DA:97,1
DA:98,1
DA:99,1
DA:100,1
DA:102,1
DA:103,1
DA:104,1
DA:106,1
DA:107,1
DA:108,1
DA:110,1
DA:111,1
DA:114,1
DA:117,1
DA:118,1
DA:120,1
DA:121,1
DA:122,1
DA:123,1
DA:124,1
DA:125,1
DA:130,1
DA:131,1
DA:132,1
DA:136,1
DA:137,1
DA:139,1
DA:140,1
DA:141,1
DA:142,1
DA:143,1
DA:144,1
DA:149,1
DA:150,1
DA:152,1
DA:153,1
DA:158,1
DA:159,1
DA:160,1
DA:162,1
DA:167,0
DA:168,0
DA:169,0
DA:171,0
DA:172,0
DA:173,0
DA:175,0
DA:182,0
DA:183,0
DA:187,0
DA:188,0
DA:192,0
DA:193,0
DA:197,0
DA:198,0
DA:202,0
DA:204,0
DA:205,0
DA:206,0
DA:207,0
DA:214,1
DA:215,1
DA:216,0
DA:217,1
DA:218,0
DA:219,1
DA:220,0
DA:221,1
DA:222,1
DA:223,0
DA:231,1
DA:232,1
DA:236,0
DA:237,0
DA:238,0
DA:239,0
DA:240,0
DA:241,0
DA:242,0
DA:243,0
BRF:21
BRH:5
BRDA:73,219,0,0
BRDA:74,226,0,0
BRDA:110,433,0,0
BRDA:111,440,0,0
BRDA:143,543,0,1
BRDA:143,543,1,0
BRDA:169,642,0,0
BRDA:216,280,0,0
BRDA:217,280,1,1
BRDA:218,287,0,0
BRDA:219,287,1,1
BRDA:220,294,0,0
BRDA:221,294,1,1
BRDA:222,301,0,1
BRDA:223,301,1,0
BRDA:238,775,0,0
BRDA:239,775,1,0
BRDA:240,782,0,0
BRDA:241,782,1,0
BRDA:242,789,0,0
BRDA:243,789,1,0
end_of_record

TN:
SF:C:\Users\hp\Documents\GitHub\Charity-Donation-Tracker/contracts/charity-donation-tracker.clar
FN:71,register-charity
FN:214,calculate-tier
FN:231,calculate-reward-points
FN:94,donate
FN:167,deactivate-charity
FN:182,get-charity-info
FN:187,get-donation-info
FN:192,get-donor-profile
FN:197,get-charity-donor-stats
FN:202,get-global-stats
FN:236,get-tier-multiplier
FNF:11
FNH:0
DA:71,0
DA:72,0
DA:73,0
DA:74,0
DA:76,0
DA:77,0
DA:79,0
DA:80,0
DA:81,0
DA:82,0
DA:83,0
DA:84,0
DA:88,0
DA:89,0
DA:94,0
DA:95,0
DA:96,0
DA:97,0
DA:98,0
DA:99,0
DA:100,0
DA:102,0
DA:103,0
DA:104,0
DA:106,0
DA:107,0
DA:108,0
DA:110,0
DA:111,0
DA:114,0
DA:117,0
DA:118,0
DA:120,0
DA:121,0
DA:122,0
DA:123,0
DA:124,0
DA:125,0
DA:130,0
DA:131,0
DA:132,0
DA:136,0
DA:137,0
DA:139,0
DA:140,0
DA:141,0
DA:142,0
DA:143,0
DA:144,0
DA:149,0
DA:150,0
DA:152,0
DA:153,0
DA:158,0
DA:159,0
DA:160,0
DA:162,0
DA:167,0
DA:168,0
DA:169,0
DA:171,0
DA:172,0
DA:173,0
DA:175,0
DA:182,0
DA:183,0
DA:187,0
DA:188,0
DA:192,0
DA:193,0
DA:197,0
DA:198,0
DA:202,0
DA:204,0
DA:205,0
DA:206,0
DA:207,0
DA:214,0
DA:215,0
DA:216,0
DA:217,0
DA:218,0
DA:219,0
DA:220,0
DA:221,0
DA:222,0
DA:223,0
DA:231,0
DA:232,0
DA:236,0
DA:237,0
DA:238,0
DA:239,0
DA:240,0
DA:241,0
DA:242,0
DA:243,0
BRF:21
BRH:0
BRDA:73,219,0,0
BRDA:74,226,0,0
BRDA:110,433,0,0
BRDA:111,440,0,0
BRDA:143,543,0,0
BRDA:143,543,1,0
BRDA:169,642,0,0
BRDA:216,280,0,0
BRDA:217,280,1,0
BRDA:218,287,0,0
BRDA:219,287,1,0
BRDA:220,294,0,0
BRDA:221,294,1,0
BRDA:222,301,0,0
BRDA:223,301,1,0
BRDA:238,775,0,0
BRDA:239,775,1,0
BRDA:240,782,0,0
BRDA:241,782,1,0
BRDA:242,789,0,0
BRDA:243,789,1,0
end_of_record
TN:tests/charity-donation-tracker.test.ts__Charity Donation Tracker Contract__creates and updates donor profiles correctly
SF:C:\Users\hp\Documents\GitHub\Charity-Donation-Tracker/contracts/charity-donation-tracker.clar
FN:71,register-charity
FN:214,calculate-tier
FN:231,calculate-reward-points
FN:94,donate
FN:167,deactivate-charity
FN:182,get-charity-info
FN:187,get-donation-info
FN:192,get-donor-profile
FN:197,get-charity-donor-stats
FN:202,get-global-stats
FN:236,get-tier-multiplier
FNDA:1,calculate-reward-points
FNDA:1,calculate-tier
FNDA:1,donate
FNDA:1,get-donor-profile
FNDA:1,register-charity
FNF:11
FNH:5
DA:71,1
DA:72,1
DA:73,1
DA:74,1
DA:76,1
DA:77,1
DA:79,1
DA:80,1
DA:81,1
DA:82,1
DA:83,1
DA:84,1
DA:88,1
DA:89,1
DA:94,1
DA:95,1
DA:96,1
DA:97,1
DA:98,1
DA:99,1
DA:100,1
DA:102,1
DA:103,1
DA:104,1
DA:106,1
DA:107,1
DA:108,1
DA:110,1
DA:111,1
DA:114,1
DA:117,1
DA:118,1
DA:120,1
DA:121,1
DA:122,1
DA:123,1
DA:124,1
DA:125,1
DA:130,1
DA:131,1
DA:132,1
DA:136,1
DA:137,1
DA:139,1
DA:140,1
DA:141,1
DA:142,1
DA:143,1
DA:144,1
DA:149,1
DA:150,1
DA:152,1
DA:153,1
DA:158,1
DA:159,1
DA:160,1
DA:162,1
DA:167,0
DA:168,0
DA:169,0
DA:171,0
DA:172,0
DA:173,0
DA:175,0
DA:182,0
DA:183,0
DA:187,0
DA:188,0
DA:192,1
DA:193,1
DA:197,0
DA:198,0
DA:202,0
DA:204,0
DA:205,0
DA:206,0
DA:207,0
DA:214,1
DA:215,1
DA:216,0
DA:217,1
DA:218,0
DA:219,1
DA:220,0
DA:221,1
DA:222,1
DA:223,0
DA:231,1
DA:232,1
DA:236,0
DA:237,0
DA:238,0
DA:239,0
DA:240,0
DA:241,0
DA:242,0
DA:243,0
BRF:21
BRH:5
BRDA:73,219,0,0
BRDA:74,226,0,0
BRDA:110,433,0,0
BRDA:111,440,0,0
BRDA:143,543,0,1
BRDA:143,543,1,0
BRDA:169,642,0,0
BRDA:216,280,0,0
BRDA:217,280,1,1
BRDA:218,287,0,0
BRDA:219,287,1,1
BRDA:220,294,0,0
BRDA:221,294,1,1
BRDA:222,301,0,1
BRDA:223,301,1,0
BRDA:238,775,0,0
BRDA:239,775,1,0
BRDA:240,782,0,0
BRDA:241,782,1,0
BRDA:242,789,0,0
BRDA:243,789,1,0
end_of_record

TN:
SF:C:\Users\hp\Documents\GitHub\Charity-Donation-Tracker/contracts/charity-donation-tracker.clar
FN:71,register-charity
FN:214,calculate-tier
FN:231,calculate-reward-points
FN:94,donate
FN:167,deactivate-charity
FN:182,get-charity-info
FN:187,get-donation-info
FN:192,get-donor-profile
FN:197,get-charity-donor-stats
FN:202,get-global-stats
FN:236,get-tier-multiplier
FNF:11
FNH:0
DA:71,0
DA:72,0
DA:73,0
DA:74,0
DA:76,0
DA:77,0
DA:79,0
DA:80,0
DA:81,0
DA:82,0
DA:83,0
DA:84,0
DA:88,0
DA:89,0
DA:94,0
DA:95,0
DA:96,0
DA:97,0
DA:98,0
DA:99,0
DA:100,0
DA:102,0
DA:103,0
DA:104,0
DA:106,0
DA:107,0
DA:108,0
DA:110,0
DA:111,0
DA:114,0
DA:117,0
DA:118,0
DA:120,0
DA:121,0
DA:122,0
DA:123,0
DA:124,0
DA:125,0
DA:130,0
DA:131,0
DA:132,0
DA:136,0
DA:137,0
DA:139,0
DA:140,0
DA:141,0
DA:142,0
DA:143,0
DA:144,0
DA:149,0
DA:150,0
DA:152,0
DA:153,0
DA:158,0
DA:159,0
DA:160,0
DA:162,0
DA:167,0
DA:168,0
DA:169,0
DA:171,0
DA:172,0
DA:173,0
DA:175,0
DA:182,0
DA:183,0
DA:187,0
DA:188,0
DA:192,0
DA:193,0
DA:197,0
DA:198,0
DA:202,0
DA:204,0
DA:205,0
DA:206,0
DA:207,0
DA:214,0
DA:215,0
DA:216,0
DA:217,0
DA:218,0
DA:219,0
DA:220,0
DA:221,0
DA:222,0
DA:223,0
DA:231,0
DA:232,0
DA:236,0
DA:237,0
DA:238,0
DA:239,0
DA:240,0
DA:241,0
DA:242,0
DA:243,0
BRF:21
BRH:0
BRDA:73,219,0,0
BRDA:74,226,0,0
BRDA:110,433,0,0
BRDA:111,440,0,0
BRDA:143,543,0,0
BRDA:143,543,1,0
BRDA:169,642,0,0
BRDA:216,280,0,0
BRDA:217,280,1,0
BRDA:218,287,0,0
BRDA:219,287,1,0
BRDA:220,294,0,0
BRDA:221,294,1,0
BRDA:222,301,0,0
BRDA:223,301,1,0
BRDA:238,775,0,0
BRDA:239,775,1,0
BRDA:240,782,0,0
BRDA:241,782,1,0
BRDA:242,789,0,0
BRDA:243,789,1,0
end_of_record
TN:tests/charity-donation-tracker.test.ts__Charity Donation Tracker Contract__tracks global statistics correctly
SF:C:\Users\hp\Documents\GitHub\Charity-Donation-Tracker/contracts/charity-donation-tracker.clar
FN:71,register-charity
FN:214,calculate-tier
FN:231,calculate-reward-points
FN:94,donate
FN:167,deactivate-charity
FN:182,get-charity-info
FN:187,get-donation-info
FN:192,get-donor-profile
FN:197,get-charity-donor-stats
FN:202,get-global-stats
FN:236,get-tier-multiplier
FNDA:2,calculate-reward-points
FNDA:2,calculate-tier
FNDA:2,donate
FNDA:1,get-global-stats
FNDA:1,register-charity
FNF:11
FNH:5
DA:71,1
DA:72,1
DA:73,1
DA:74,1
DA:76,1
DA:77,1
DA:79,1
DA:80,1
DA:81,1
DA:82,1
DA:83,1
DA:84,1
DA:88,1
DA:89,1
DA:94,1
DA:95,2
DA:96,2
DA:97,2
DA:98,2
DA:99,2
DA:100,2
DA:102,2
DA:103,2
DA:104,2
DA:106,2
DA:107,2
DA:108,2
DA:110,2
DA:111,2
DA:114,2
DA:117,2
DA:118,2
DA:120,2
DA:121,2
DA:122,2
DA:123,2
DA:124,2
DA:125,2
DA:130,2
DA:131,2
DA:132,2
DA:136,2
DA:137,2
DA:139,2
DA:140,2
DA:141,2
DA:142,2
DA:143,2
DA:144,2
DA:149,2
DA:150,2
DA:152,2
DA:153,2
DA:158,2
DA:159,2
DA:160,2
DA:162,2
DA:167,0
DA:168,0
DA:169,0
DA:171,0
DA:172,0
DA:173,0
DA:175,0
DA:182,0
DA:183,0
DA:187,0
DA:188,0
DA:192,0
DA:193,0
DA:197,0
DA:198,0
DA:202,1
DA:204,1
DA:205,1
DA:206,1
DA:207,1
DA:214,1
DA:215,2
DA:216,0
DA:217,2
DA:218,0
DA:219,2
DA:220,0
DA:221,2
DA:222,2
DA:223,0
DA:231,1
DA:232,2
DA:236,0
DA:237,0
DA:238,0
DA:239,0
DA:240,0
DA:241,0
DA:242,0
DA:243,0
BRF:21
BRH:5
BRDA:73,219,0,0
BRDA:74,226,0,0
BRDA:110,433,0,0
BRDA:111,440,0,0
BRDA:143,543,0,2
BRDA:143,543,1,0
BRDA:169,642,0,0
BRDA:216,280,0,0
BRDA:217,280,1,2
BRDA:218,287,0,0
BRDA:219,287,1,2
BRDA:220,294,0,0
BRDA:221,294,1,2
BRDA:222,301,0,2
BRDA:223,301,1,0
BRDA:238,775,0,0
BRDA:239,775,1,0
BRDA:240,782,0,0
BRDA:241,782,1,0
BRDA:242,789,0,0
BRDA:243,789,1,0
end_of_record

TN:
SF:C:\Users\hp\Documents\GitHub\Charity-Donation-Tracker/contracts/charity-donation-tracker.clar
FN:71,register-charity
FN:214,calculate-tier
FN:231,calculate-reward-points
FN:94,donate
FN:167,deactivate-charity
FN:182,get-charity-info
FN:187,get-donation-info
FN:192,get-donor-profile
FN:197,get-charity-donor-stats
FN:202,get-global-stats
FN:236,get-tier-multiplier
FNF:11
FNH:0
DA:71,0
DA:72,0
DA:73,0
DA:74,0
DA:76,0
DA:77,0
DA:79,0
DA:80,0
DA:81,0
DA:82,0
DA:83,0
DA:84,0
DA:88,0
DA:89,0
DA:94,0
DA:95,0
DA:96,0
DA:97,0
DA:98,0
DA:99,0
DA:100,0
DA:102,0
DA:103,0
DA:104,0
DA:106,0
DA:107,0
DA:108,0
DA:110,0
DA:111,0
DA:114,0
DA:117,0
DA:118,0
DA:120,0
DA:121,0
DA:122,0
DA:123,0
DA:124,0
DA:125,0
DA:130,0
DA:131,0
DA:132,0
DA:136,0
DA:137,0
DA:139,0
DA:140,0
DA:141,0
DA:142,0
DA:143,0
DA:144,0
DA:149,0
DA:150,0
DA:152,0
DA:153,0
DA:158,0
DA:159,0
DA:160,0
DA:162,0
DA:167,0
DA:168,0
DA:169,0
DA:171,0
DA:172,0
DA:173,0
DA:175,0
DA:182,0
DA:183,0
DA:187,0
DA:188,0
DA:192,0
DA:193,0
DA:197,0
DA:198,0
DA:202,0
DA:204,0
DA:205,0
DA:206,0
DA:207,0
DA:214,0
DA:215,0
DA:216,0
DA:217,0
DA:218,0
DA:219,0
DA:220,0
DA:221,0
DA:222,0
DA:223,0
DA:231,0
DA:232,0
DA:236,0
DA:237,0
DA:238,0
DA:239,0
DA:240,0
DA:241,0
DA:242,0
DA:243,0
BRF:21
BRH:0
BRDA:73,219,0,0
BRDA:74,226,0,0
BRDA:110,433,0,0
BRDA:111,440,0,0
BRDA:143,543,0,0
BRDA:143,543,1,0
BRDA:169,642,0,0
BRDA:216,280,0,0
BRDA:217,280,1,0
BRDA:218,287,0,0
BRDA:219,287,1,0
BRDA:220,294,0,0
BRDA:221,294,1,0
BRDA:222,301,0,0
BRDA:223,301,1,0
BRDA:238,775,0,0
BRDA:239,775,1,0
BRDA:240,782,0,0
BRDA:241,782,1,0
BRDA:242,789,0,0
BRDA:243,789,1,0
end_of_record
TN:tests/charity-donation-tracker.test.ts__Charity Donation Tracker Contract__prevents donations to non-existent charities
SF:C:\Users\hp\Documents\GitHub\Charity-Donation-Tracker/contracts/charity-donation-tracker.clar
FN:71,register-charity
FN:214,calculate-tier
FN:231,calculate-reward-points
FN:94,donate
FN:167,deactivate-charity
FN:182,get-charity-info
FN:187,get-donation-info
FN:192,get-donor-profile
FN:197,get-charity-donor-stats
FN:202,get-global-stats
FN:236,get-tier-multiplier
FNDA:1,donate
FNF:11
FNH:1
DA:71,0
DA:72,0
DA:73,0
DA:74,0
DA:76,0
DA:77,0
DA:79,0
DA:80,0
DA:81,0
DA:82,0
DA:83,0
DA:84,0
DA:88,0
DA:89,0
DA:94,1
DA:95,1
DA:96,1
DA:97,1
DA:98,0
DA:99,0
DA:100,0
DA:102,0
DA:103,0
DA:104,0
DA:106,0
DA:107,0
DA:108,0
DA:110,0
DA:111,0
DA:114,0
DA:117,0
DA:118,0
DA:120,0
DA:121,0
DA:122,0
DA:123,0
DA:124,0
DA:125,0
DA:130,0
DA:131,0
DA:132,0
DA:136,0
DA:137,0
DA:139,0
DA:140,0
DA:141,0
DA:142,0
DA:143,0
DA:144,0
DA:149,0
DA:150,0
DA:152,0
DA:153,0
DA:158,0
DA:159,0
DA:160,0
DA:162,0
DA:167,0
DA:168,0
DA:169,0
DA:171,0
DA:172,0
DA:173,0
DA:175,0
DA:182,0
DA:183,0
DA:187,0
DA:188,0
DA:192,0
DA:193,0
DA:197,0
DA:198,0
DA:202,0
DA:204,0
DA:205,0
DA:206,0
DA:207,0
DA:214,0
DA:215,0
DA:216,0
DA:217,0
DA:218,0
DA:219,0
DA:220,0
DA:221,0
DA:222,0
DA:223,0
DA:231,0
DA:232,0
DA:236,0
DA:237,0
DA:238,0
DA:239,0
DA:240,0
DA:241,0
DA:242,0
DA:243,0
BRF:21
BRH:0
BRDA:73,219,0,0
BRDA:74,226,0,0
BRDA:110,433,0,0
BRDA:111,440,0,0
BRDA:143,543,0,0
BRDA:143,543,1,0
BRDA:169,642,0,0
BRDA:216,280,0,0
BRDA:217,280,1,0
BRDA:218,287,0,0
BRDA:219,287,1,0
BRDA:220,294,0,0
BRDA:221,294,1,0
BRDA:222,301,0,0
BRDA:223,301,1,0
BRDA:238,775,0,0
BRDA:239,775,1,0
BRDA:240,782,0,0
BRDA:241,782,1,0
BRDA:242,789,0,0
BRDA:243,789,1,0
end_of_record

TN:
SF:C:\Users\hp\Documents\GitHub\Charity-Donation-Tracker/contracts/charity-donation-tracker.clar
FN:71,register-charity
FN:214,calculate-tier
FN:231,calculate-reward-points
FN:94,donate
FN:167,deactivate-charity
FN:182,get-charity-info
FN:187,get-donation-info
FN:192,get-donor-profile
FN:197,get-charity-donor-stats
FN:202,get-global-stats
FN:236,get-tier-multiplier
FNF:11
FNH:0
DA:71,0
DA:72,0
DA:73,0
DA:74,0
DA:76,0
DA:77,0
DA:79,0
DA:80,0
DA:81,0
DA:82,0
DA:83,0
DA:84,0
DA:88,0
DA:89,0
DA:94,0
DA:95,0
DA:96,0
DA:97,0
DA:98,0
DA:99,0
DA:100,0
DA:102,0
DA:103,0
DA:104,0
DA:106,0
DA:107,0
DA:108,0
DA:110,0
DA:111,0
DA:114,0
DA:117,0
DA:118,0
DA:120,0
DA:121,0
DA:122,0
DA:123,0
DA:124,0
DA:125,0
DA:130,0
DA:131,0
DA:132,0
DA:136,0
DA:137,0
DA:139,0
DA:140,0
DA:141,0
DA:142,0
DA:143,0
DA:144,0
DA:149,0
DA:150,0
DA:152,0
DA:153,0
DA:158,0
DA:159,0
DA:160,0
DA:162,0
DA:167,0
DA:168,0
DA:169,0
DA:171,0
DA:172,0
DA:173,0
DA:175,0
DA:182,0
DA:183,0
DA:187,0
DA:188,0
DA:192,0
DA:193,0
DA:197,0
DA:198,0
DA:202,0
DA:204,0
DA:205,0
DA:206,0
DA:207,0
DA:214,0
DA:215,0
DA:216,0
DA:217,0
DA:218,0
DA:219,0
DA:220,0
DA:221,0
DA:222,0
DA:223,0
DA:231,0
DA:232,0
DA:236,0
DA:237,0
DA:238,0
DA:239,0
DA:240,0
DA:241,0
DA:242,0
DA:243,0
BRF:21
BRH:0
BRDA:73,219,0,0
BRDA:74,226,0,0
BRDA:110,433,0,0
BRDA:111,440,0,0
BRDA:143,543,0,0
BRDA:143,543,1,0
BRDA:169,642,0,0
BRDA:216,280,0,0
BRDA:217,280,1,0
BRDA:218,287,0,0
BRDA:219,287,1,0
BRDA:220,294,0,0
BRDA:221,294,1,0
BRDA:222,301,0,0
BRDA:223,301,1,0
BRDA:238,775,0,0
BRDA:239,775,1,0
BRDA:240,782,0,0
BRDA:241,782,1,0
BRDA:242,789,0,0
BRDA:243,789,1,0
end_of_record
TN:tests/charity-donation-tracker.test.ts__Charity Donation Tracker Contract__restricts charity deactivation to owner only
SF:C:\Users\hp\Documents\GitHub\Charity-Donation-Tracker/contracts/charity-donation-tracker.clar
FN:71,register-charity
FN:214,calculate-tier
FN:231,calculate-reward-points
FN:94,donate
FN:167,deactivate-charity
FN:182,get-charity-info
FN:187,get-donation-info
FN:192,get-donor-profile
FN:197,get-charity-donor-stats
FN:202,get-global-stats
FN:236,get-tier-multiplier
FNDA:2,deactivate-charity
FNDA:1,register-charity
FNF:11
FNH:2
DA:71,1
DA:72,1
DA:73,1
DA:74,1
DA:76,1
DA:77,1
DA:79,1
DA:80,1
DA:81,1
DA:82,1
DA:83,1
DA:84,1
DA:88,1
DA:89,1
DA:94,0
DA:95,0
DA:96,0
DA:97,0
DA:98,0
DA:99,0
DA:100,0
DA:102,0
DA:103,0
DA:104,0
DA:106,0
DA:107,0
DA:108,0
DA:110,0
DA:111,0
DA:114,0
DA:117,0
DA:118,0
DA:120,0
DA:121,0
DA:122,0
DA:123,0
DA:124,0
DA:125,0
DA:130,0
DA:131,0
DA:132,0
DA:136,0
DA:137,0
DA:139,0
DA:140,0
DA:141,0
DA:142,0
DA:143,0
DA:144,0
DA:149,0
DA:150,0
DA:152,0
DA:153,0
DA:158,0
DA:159,0
DA:160,0
DA:162,0
DA:167,1
DA:168,2
DA:169,2
DA:171,1
DA:172,1
DA:173,1
DA:175,1
DA:182,0
DA:183,0
DA:187,0
DA:188,0
DA:192,0
DA:193,0
DA:197,0
DA:198,0
DA:202,0
DA:204,0
DA:205,0
DA:206,0
DA:207,0
DA:214,0
DA:215,0
DA:216,0
DA:217,0
DA:218,0
DA:219,0
DA:220,0
DA:221,0
DA:222,0
DA:223,0
DA:231,0
DA:232,0
DA:236,0
DA:237,0
DA:238,0
DA:239,0
DA:240,0
DA:241,0
DA:242,0
DA:243,0
BRF:21
BRH:1
BRDA:73,219,0,0
BRDA:74,226,0,0
BRDA:110,433,0,0
BRDA:111,440,0,0
BRDA:143,543,0,0
BRDA:143,543,1,0
BRDA:169,642,0,1
BRDA:216,280,0,0
BRDA:217,280,1,0
BRDA:218,287,0,0
BRDA:219,287,1,0
BRDA:220,294,0,0
BRDA:221,294,1,0
BRDA:222,301,0,0
BRDA:223,301,1,0
BRDA:238,775,0,0
BRDA:239,775,1,0
BRDA:240,782,0,0
BRDA:241,782,1,0
BRDA:242,789,0,0
BRDA:243,789,1,0
end_of_record
